<?xml version="1.0" encoding="UTF-8"?>
<testng-results ignored="0" total="10" passed="9" failed="1" skipped="0">
  <reporter-output>
  </reporter-output>
  <suite started-at="2023-12-10T02:55:20 AST" name="Suite" finished-at="2023-12-10T02:57:02 AST" duration-ms="102207">
    <groups>
    </groups>
    <test started-at="2023-12-10T02:55:20 AST" name="Test_Chrome" finished-at="2023-12-10T02:57:02 AST" duration-ms="102207">
      <class name="testcrmproject.TestAnnouncements">
        <test-method is-config="true" signature="setUpDriverOpenUrl(java.lang.String)[pri:0, instance:testcrmproject.TestAnnouncements@61001b64]" started-at="2023-12-10T02:56:08 AST" name="setUpDriverOpenUrl" finished-at="2023-12-10T02:56:11 AST" duration-ms="2969" status="PASS">
          <params>
            <param index="0">
              <value>
                <![CDATA[chrome]]>
              </value>
            </param>
          </params>
          <reporter-output>
          </reporter-output>
        </test-method> <!-- setUpDriverOpenUrl -->
        <test-method signature="announcementData(java.lang.String,java.lang.String,java.lang.String,java.lang.String,java.lang.String,java.lang.String)[pri:0, instance:testcrmproject.TestAnnouncements@61001b64]" started-at="2023-12-10T02:56:11 AST" name="announcementData" data-provider="logdata" finished-at="2023-12-10T02:56:17 AST" duration-ms="6009" status="PASS">
          <params>
            <param index="0">
              <value>
                <![CDATA[admin@admin.com]]>
              </value>
            </param>
            <param index="1">
              <value>
                <![CDATA[12345678]]>
              </value>
            </param>
            <param index="2">
              <value>
                <![CDATA[Lekshmi Announcement tittle]]>
              </value>
            </param>
            <param index="3">
              <value>
                <![CDATA[2023/12/05]]>
              </value>
            </param>
            <param index="4">
              <value>
                <![CDATA[2023/12/20]]>
              </value>
            </param>
            <param index="5">
              <value>
                <![CDATA[All team members]]>
              </value>
            </param>
          </params>
          <reporter-output>
          </reporter-output>
        </test-method> <!-- announcementData -->
        <test-method is-config="true" signature="takeScreenShotOnFailure(org.testng.ITestResult)[pri:0, instance:testcrmproject.TestAnnouncements@61001b64]" started-at="2023-12-10T02:56:17 AST" name="takeScreenShotOnFailure" finished-at="2023-12-10T02:56:17 AST" duration-ms="811" status="PASS">
          <params>
            <param index="0">
              <value>
                <![CDATA[[TestResult name=announcementData status=SUCCESS method=TestAnnouncements.announcementData(java.lang.String,java.lang.String,java.lang.String,java.lang.String,java.lang.String,java.lang.String)[pri:0, instance:testcrmproject.TestAnnouncements@61001b64] output={null}]]]>
              </value>
            </param>
          </params>
          <reporter-output>
          </reporter-output>
        </test-method> <!-- takeScreenShotOnFailure -->
      </class> <!-- testcrmproject.TestAnnouncements -->
      <class name="testcrmproject.TestNotes">
        <test-method is-config="true" signature="setUpDriverOpenUrl(java.lang.String)[pri:0, instance:testcrmproject.TestNotes@82de64a]" started-at="2023-12-10T02:55:26 AST" name="setUpDriverOpenUrl" finished-at="2023-12-10T02:55:29 AST" duration-ms="3039" status="PASS">
          <params>
            <param index="0">
              <value>
                <![CDATA[chrome]]>
              </value>
            </param>
          </params>
          <reporter-output>
          </reporter-output>
        </test-method> <!-- setUpDriverOpenUrl -->
        <test-method signature="notesData(java.lang.String,java.lang.String,java.lang.String,java.lang.String)[pri:0, instance:testcrmproject.TestNotes@82de64a]" started-at="2023-12-10T02:55:29 AST" name="notesData" data-provider="logdata" finished-at="2023-12-10T02:55:35 AST" duration-ms="5309" status="PASS">
          <params>
            <param index="0">
              <value>
                <![CDATA[admin@admin.com]]>
              </value>
            </param>
            <param index="1">
              <value>
                <![CDATA[12345678]]>
              </value>
            </param>
            <param index="2">
              <value>
                <![CDATA[Lekshmi]]>
              </value>
            </param>
            <param index="3">
              <value>
                <![CDATA[note1]]>
              </value>
            </param>
          </params>
          <reporter-output>
          </reporter-output>
        </test-method> <!-- notesData -->
        <test-method is-config="true" signature="takeScreenShotOnFailure(org.testng.ITestResult)[pri:0, instance:testcrmproject.TestNotes@82de64a]" started-at="2023-12-10T02:55:35 AST" name="takeScreenShotOnFailure" finished-at="2023-12-10T02:55:35 AST" duration-ms="798" status="PASS">
          <params>
            <param index="0">
              <value>
                <![CDATA[[TestResult name=notesData status=SUCCESS method=TestNotes.notesData(java.lang.String,java.lang.String,java.lang.String,java.lang.String)[pri:0, instance:testcrmproject.TestNotes@82de64a] output={null}]]]>
              </value>
            </param>
          </params>
          <reporter-output>
          </reporter-output>
        </test-method> <!-- takeScreenShotOnFailure -->
      </class> <!-- testcrmproject.TestNotes -->
      <class name="testcrmproject.TestEvents">
        <test-method is-config="true" signature="setUpDriverOpenUrl(java.lang.String)[pri:0, instance:testcrmproject.TestEvents@4310d43]" started-at="2023-12-10T02:56:18 AST" name="setUpDriverOpenUrl" finished-at="2023-12-10T02:56:21 AST" duration-ms="3084" status="PASS">
          <params>
            <param index="0">
              <value>
                <![CDATA[chrome]]>
              </value>
            </param>
          </params>
          <reporter-output>
          </reporter-output>
        </test-method> <!-- setUpDriverOpenUrl -->
        <test-method signature="eventData(java.lang.String,java.lang.String,java.lang.String,java.lang.String,java.lang.String,java.lang.String,java.lang.String)[pri:0, instance:testcrmproject.TestEvents@4310d43]" started-at="2023-12-10T02:56:21 AST" name="eventData" data-provider="logdata" finished-at="2023-12-10T02:56:25 AST" duration-ms="4468" status="PASS">
          <params>
            <param index="0">
              <value>
                <![CDATA[admin@admin.com]]>
              </value>
            </param>
            <param index="1">
              <value>
                <![CDATA[12345678]]>
              </value>
            </param>
            <param index="2">
              <value>
                <![CDATA[Lekshmi event]]>
              </value>
            </param>
            <param index="3">
              <value>
                <![CDATA[description for event]]>
              </value>
            </param>
            <param index="4">
              <value>
                <![CDATA[2023/12/05]]>
              </value>
            </param>
            <param index="5">
              <value>
                <![CDATA[2023/12/20]]>
              </value>
            </param>
            <param index="6">
              <value>
                <![CDATA[All team members]]>
              </value>
            </param>
          </params>
          <reporter-output>
          </reporter-output>
        </test-method> <!-- eventData -->
        <test-method is-config="true" signature="takeScreenShotOnFailure(org.testng.ITestResult)[pri:0, instance:testcrmproject.TestEvents@4310d43]" started-at="2023-12-10T02:56:25 AST" name="takeScreenShotOnFailure" finished-at="2023-12-10T02:56:26 AST" duration-ms="776" status="PASS">
          <params>
            <param index="0">
              <value>
                <![CDATA[[TestResult name=eventData status=SUCCESS method=TestEvents.eventData(java.lang.String,java.lang.String,java.lang.String,java.lang.String,java.lang.String,java.lang.String,java.lang.String)[pri:0, instance:testcrmproject.TestEvents@4310d43] output={null}]]]>
              </value>
            </param>
          </params>
          <reporter-output>
          </reporter-output>
        </test-method> <!-- takeScreenShotOnFailure -->
        <test-method is-config="true" signature="setUpDriverOpenUrl(java.lang.String)[pri:0, instance:testcrmproject.TestEvents@4310d43]" started-at="2023-12-10T02:56:26 AST" name="setUpDriverOpenUrl" finished-at="2023-12-10T02:56:29 AST" duration-ms="3029" status="PASS">
          <params>
            <param index="0">
              <value>
                <![CDATA[chrome]]>
              </value>
            </param>
          </params>
          <reporter-output>
          </reporter-output>
        </test-method> <!-- setUpDriverOpenUrl -->
        <test-method signature="eventData(java.lang.String,java.lang.String,java.lang.String,java.lang.String,java.lang.String,java.lang.String,java.lang.String)[pri:0, instance:testcrmproject.TestEvents@4310d43]" started-at="2023-12-10T02:56:29 AST" name="eventData" data-provider="logdata" finished-at="2023-12-10T02:56:33 AST" duration-ms="4327" status="PASS">
          <params>
            <param index="0">
              <value>
                <![CDATA[admin@admin.com]]>
              </value>
            </param>
            <param index="1">
              <value>
                <![CDATA[12345678]]>
              </value>
            </param>
            <param index="2">
              <value>
                <![CDATA[]]>
              </value>
            </param>
            <param index="3">
              <value>
                <![CDATA[]]>
              </value>
            </param>
            <param index="4">
              <value>
                <![CDATA[]]>
              </value>
            </param>
            <param index="5">
              <value>
                <![CDATA[]]>
              </value>
            </param>
            <param index="6">
              <value>
                <![CDATA[All team members]]>
              </value>
            </param>
          </params>
          <reporter-output>
          </reporter-output>
        </test-method> <!-- eventData -->
        <test-method is-config="true" signature="takeScreenShotOnFailure(org.testng.ITestResult)[pri:0, instance:testcrmproject.TestEvents@4310d43]" started-at="2023-12-10T02:56:33 AST" name="takeScreenShotOnFailure" finished-at="2023-12-10T02:56:34 AST" duration-ms="784" status="PASS">
          <params>
            <param index="0">
              <value>
                <![CDATA[[TestResult name=eventData status=SUCCESS method=TestEvents.eventData(java.lang.String,java.lang.String,java.lang.String,java.lang.String,java.lang.String,java.lang.String,java.lang.String)[pri:0, instance:testcrmproject.TestEvents@4310d43] output={null}]]]>
              </value>
            </param>
          </params>
          <reporter-output>
          </reporter-output>
        </test-method> <!-- takeScreenShotOnFailure -->
      </class> <!-- testcrmproject.TestEvents -->
      <class name="testcrmproject.TestDashboard">
        <test-method is-config="true" signature="setUpDriverOpenUrl(java.lang.String)[pri:0, instance:testcrmproject.TestDashboard@201a4587]" started-at="2023-12-10T02:56:00 AST" name="setUpDriverOpenUrl" finished-at="2023-12-10T02:56:03 AST" duration-ms="3042" status="PASS">
          <params>
            <param index="0">
              <value>
                <![CDATA[chrome]]>
              </value>
            </param>
          </params>
          <reporter-output>
          </reporter-output>
        </test-method> <!-- setUpDriverOpenUrl -->
        <test-method signature="clockoutData(java.lang.String,java.lang.String,java.lang.String)[pri:0, instance:testcrmproject.TestDashboard@201a4587]" started-at="2023-12-10T02:56:03 AST" name="clockoutData" data-provider="logdata" finished-at="2023-12-10T02:56:07 AST" duration-ms="3875" status="FAIL">
          <params>
            <param index="0">
              <value>
                <![CDATA[admin@admin.com]]>
              </value>
            </param>
            <param index="1">
              <value>
                <![CDATA[12345678]]>
              </value>
            </param>
            <param index="2">
              <value>
                <![CDATA[remind me ]]>
              </value>
            </param>
          </params>
          <exception class="org.openqa.selenium.StaleElementReferenceException">
            <message>
              <![CDATA[stale element reference: stale element not found
  (Session info: chrome=119.0.6045.200)
For documentation on this error, please visit: https://www.selenium.dev/documentation/webdriver/troubleshooting/errors#stale-element-reference-exception
Build info: version: '4.15.0', revision: '1d14b5521b'
System info: os.name: 'Windows 10', os.arch: 'amd64', os.version: '10.0', java.version: '11.0.7'
Driver info: org.openqa.selenium.chrome.ChromeDriver
Command: [5bd5918deebe713cbf430ebb079a8e60, isElementDisplayed {id=4C0637DF790A3C94E1C1D03F85B38591_element_70}]
Capabilities {acceptInsecureCerts: false, browserName: chrome, browserVersion: 119.0.6045.200, chrome: {chromedriverVersion: 119.0.6045.105 (38c72552c5e..., userDataDir: C:\Users\user\AppData\Local...}, fedcm:accounts: true, goog:chromeOptions: {debuggerAddress: localhost:57145}, networkConnectionEnabled: false, pageLoadStrategy: normal, platformName: windows, proxy: Proxy(), se:cdp: ws://localhost:57145/devtoo..., se:cdpVersion: 119.0.6045.200, setWindowRect: true, strictFileInteractability: false, timeouts: {implicit: 0, pageLoad: 300000, script: 30000}, unhandledPromptBehavior: dismiss and notify, webauthn:extension:credBlob: true, webauthn:extension:largeBlob: true, webauthn:extension:minPinLength: true, webauthn:extension:prf: true, webauthn:virtualAuthenticators: true}
Element: [[ChromeDriver: chrome on windows (5bd5918deebe713cbf430ebb079a8e60)] -> xpath: //a[@title='Clock In']]
Session ID: 5bd5918deebe713cbf430ebb079a8e60]]>
            </message>
            <full-stacktrace>
              <![CDATA[org.openqa.selenium.StaleElementReferenceException: stale element reference: stale element not found
  (Session info: chrome=119.0.6045.200)
For documentation on this error, please visit: https://www.selenium.dev/documentation/webdriver/troubleshooting/errors#stale-element-reference-exception
Build info: version: '4.15.0', revision: '1d14b5521b'
System info: os.name: 'Windows 10', os.arch: 'amd64', os.version: '10.0', java.version: '11.0.7'
Driver info: org.openqa.selenium.chrome.ChromeDriver
Command: [5bd5918deebe713cbf430ebb079a8e60, isElementDisplayed {id=4C0637DF790A3C94E1C1D03F85B38591_element_70}]
Capabilities {acceptInsecureCerts: false, browserName: chrome, browserVersion: 119.0.6045.200, chrome: {chromedriverVersion: 119.0.6045.105 (38c72552c5e..., userDataDir: C:\Users\user\AppData\Local...}, fedcm:accounts: true, goog:chromeOptions: {debuggerAddress: localhost:57145}, networkConnectionEnabled: false, pageLoadStrategy: normal, platformName: windows, proxy: Proxy(), se:cdp: ws://localhost:57145/devtoo..., se:cdpVersion: 119.0.6045.200, setWindowRect: true, strictFileInteractability: false, timeouts: {implicit: 0, pageLoad: 300000, script: 30000}, unhandledPromptBehavior: dismiss and notify, webauthn:extension:credBlob: true, webauthn:extension:largeBlob: true, webauthn:extension:minPinLength: true, webauthn:extension:prf: true, webauthn:virtualAuthenticators: true}
Element: [[ChromeDriver: chrome on windows (5bd5918deebe713cbf430ebb079a8e60)] -> xpath: //a[@title='Clock In']]
Session ID: 5bd5918deebe713cbf430ebb079a8e60
at java.base/jdk.internal.reflect.NativeConstructorAccessorImpl.newInstance0(Native Method)
at java.base/jdk.internal.reflect.NativeConstructorAccessorImpl.newInstance(NativeConstructorAccessorImpl.java:62)
at java.base/jdk.internal.reflect.DelegatingConstructorAccessorImpl.newInstance(DelegatingConstructorAccessorImpl.java:45)
at java.base/java.lang.reflect.Constructor.newInstance(Constructor.java:490)
at org.openqa.selenium.remote.codec.w3c.W3CHttpResponseCodec.createException(W3CHttpResponseCodec.java:200)
at org.openqa.selenium.remote.codec.w3c.W3CHttpResponseCodec.decode(W3CHttpResponseCodec.java:133)
at org.openqa.selenium.remote.codec.w3c.W3CHttpResponseCodec.decode(W3CHttpResponseCodec.java:52)
at org.openqa.selenium.remote.HttpCommandExecutor.execute(HttpCommandExecutor.java:191)
at org.openqa.selenium.remote.service.DriverCommandExecutor.invokeExecute(DriverCommandExecutor.java:200)
at org.openqa.selenium.remote.service.DriverCommandExecutor.execute(DriverCommandExecutor.java:175)
at org.openqa.selenium.remote.RemoteWebDriver.execute(RemoteWebDriver.java:607)
at org.openqa.selenium.remote.RemoteWebElement.execute(RemoteWebElement.java:224)
at org.openqa.selenium.remote.RemoteWebElement.isDisplayed(RemoteWebElement.java:283)
at jdk.internal.reflect.GeneratedMethodAccessor1.invoke(Unknown Source)
at java.base/jdk.internal.reflect.DelegatingMethodAccessorImpl.invoke(DelegatingMethodAccessorImpl.java:43)
at java.base/java.lang.reflect.Method.invoke(Method.java:566)
at org.openqa.selenium.support.pagefactory.internal.LocatingElementHandler.invoke(LocatingElementHandler.java:51)
at com.sun.proxy.$Proxy15.isDisplayed(Unknown Source)
at Utilities.ElementUtilities.isElementDisplayed(ElementUtilities.java:57)
at pages.DashBoardOfCrm.checkIfAfterClockoutNoteGivenButtonChangedToClockin(DashBoardOfCrm.java:84)
at testcrmproject.TestDashboard.clockoutData(TestDashboard.java:28)
at java.base/jdk.internal.reflect.NativeMethodAccessorImpl.invoke0(Native Method)
at java.base/jdk.internal.reflect.NativeMethodAccessorImpl.invoke(NativeMethodAccessorImpl.java:62)
at java.base/jdk.internal.reflect.DelegatingMethodAccessorImpl.invoke(DelegatingMethodAccessorImpl.java:43)
at java.base/java.lang.reflect.Method.invoke(Method.java:566)
at org.testng.internal.MethodInvocationHelper.invokeMethod(MethodInvocationHelper.java:133)
at org.testng.internal.TestInvoker.invokeMethod(TestInvoker.java:598)
at org.testng.internal.TestInvoker.invokeTestMethod(TestInvoker.java:173)
at org.testng.internal.MethodRunner.runInSequence(MethodRunner.java:46)
at org.testng.internal.TestInvoker$MethodInvocationAgent.invoke(TestInvoker.java:824)
at org.testng.internal.TestInvoker.invokeTestMethods(TestInvoker.java:146)
at org.testng.internal.TestMethodWorker.invokeTestMethods(TestMethodWorker.java:146)
at org.testng.internal.TestMethodWorker.run(TestMethodWorker.java:128)
at java.base/java.util.ArrayList.forEach(ArrayList.java:1540)
at org.testng.TestRunner.privateRun(TestRunner.java:794)
at org.testng.TestRunner.run(TestRunner.java:596)
at org.testng.SuiteRunner.runTest(SuiteRunner.java:377)
at org.testng.SuiteRunner.runSequentially(SuiteRunner.java:371)
at org.testng.SuiteRunner.privateRun(SuiteRunner.java:332)
at org.testng.SuiteRunner.run(SuiteRunner.java:276)
at org.testng.SuiteRunnerWorker.runSuite(SuiteRunnerWorker.java:53)
at org.testng.SuiteRunnerWorker.run(SuiteRunnerWorker.java:96)
at org.testng.TestNG.runSuitesSequentially(TestNG.java:1212)
at org.testng.TestNG.runSuitesLocally(TestNG.java:1134)
at org.testng.TestNG.runSuites(TestNG.java:1063)
at org.testng.TestNG.run(TestNG.java:1031)
at org.testng.remote.AbstractRemoteTestNG.run(AbstractRemoteTestNG.java:115)
at org.testng.remote.RemoteTestNG.initAndRun(RemoteTestNG.java:251)
at org.testng.remote.RemoteTestNG.main(RemoteTestNG.java:77)
]]>
            </full-stacktrace>
          </exception> <!-- org.openqa.selenium.StaleElementReferenceException -->
          <reporter-output>
          </reporter-output>
        </test-method> <!-- clockoutData -->
        <test-method is-config="true" signature="takeScreenShotOnFailure(org.testng.ITestResult)[pri:0, instance:testcrmproject.TestDashboard@201a4587]" started-at="2023-12-10T02:56:07 AST" name="takeScreenShotOnFailure" finished-at="2023-12-10T02:56:08 AST" duration-ms="1044" status="PASS">
          <params>
            <param index="0">
              <value>
                <![CDATA[[TestResult name=clockoutData status=FAILURE method=TestDashboard.clockoutData(java.lang.String,java.lang.String,java.lang.String)[pri:0, instance:testcrmproject.TestDashboard@201a4587] output={null}]]]>
              </value>
            </param>
          </params>
          <reporter-output>
          </reporter-output>
        </test-method> <!-- takeScreenShotOnFailure -->
      </class> <!-- testcrmproject.TestDashboard -->
      <class name="testcrmproject.TestMessage">
        <test-method is-config="true" signature="setUpDriverOpenUrl(java.lang.String)[pri:0, instance:testcrmproject.TestMessage@51e69659]" started-at="2023-12-10T02:55:44 AST" name="setUpDriverOpenUrl" finished-at="2023-12-10T02:55:46 AST" duration-ms="2900" status="PASS">
          <params>
            <param index="0">
              <value>
                <![CDATA[chrome]]>
              </value>
            </param>
          </params>
          <reporter-output>
          </reporter-output>
        </test-method> <!-- setUpDriverOpenUrl -->
        <test-method signature="messageData(java.lang.String,java.lang.String,java.lang.String,java.lang.String,java.lang.String)[pri:0, instance:testcrmproject.TestMessage@51e69659]" started-at="2023-12-10T02:55:46 AST" name="messageData" data-provider="logdata" finished-at="2023-12-10T02:55:51 AST" duration-ms="4191" status="PASS">
          <params>
            <param index="0">
              <value>
                <![CDATA[admin@admin.com]]>
              </value>
            </param>
            <param index="1">
              <value>
                <![CDATA[12345678]]>
              </value>
            </param>
            <param index="2">
              <value>
                <![CDATA[keerthana sasi]]>
              </value>
            </param>
            <param index="3">
              <value>
                <![CDATA[sending message]]>
              </value>
            </param>
            <param index="4">
              <value>
                <![CDATA[Hello world]]>
              </value>
            </param>
          </params>
          <reporter-output>
          </reporter-output>
        </test-method> <!-- messageData -->
        <test-method is-config="true" signature="takeScreenShotOnFailure(org.testng.ITestResult)[pri:0, instance:testcrmproject.TestMessage@51e69659]" started-at="2023-12-10T02:55:51 AST" name="takeScreenShotOnFailure" finished-at="2023-12-10T02:55:51 AST" duration-ms="774" status="PASS">
          <params>
            <param index="0">
              <value>
                <![CDATA[[TestResult name=messageData status=SUCCESS method=TestMessage.messageData(java.lang.String,java.lang.String,java.lang.String,java.lang.String,java.lang.String)[pri:0, instance:testcrmproject.TestMessage@51e69659] output={null}]]]>
              </value>
            </param>
          </params>
          <reporter-output>
          </reporter-output>
        </test-method> <!-- takeScreenShotOnFailure -->
      </class> <!-- testcrmproject.TestMessage -->
      <class name="testcrmproject.ProfileTest">
        <test-method is-config="true" signature="setUpDriverOpenUrl(java.lang.String)[pri:0, instance:testcrmproject.ProfileTest@659499f1]" started-at="2023-12-10T02:55:35 AST" name="setUpDriverOpenUrl" finished-at="2023-12-10T02:55:39 AST" duration-ms="3143" status="PASS">
          <params>
            <param index="0">
              <value>
                <![CDATA[chrome]]>
              </value>
            </param>
          </params>
          <reporter-output>
          </reporter-output>
        </test-method> <!-- setUpDriverOpenUrl -->
        <test-method signature="profileData(java.lang.String,java.lang.String,java.lang.String,java.lang.String,java.lang.String,java.lang.String)[pri:0, instance:testcrmproject.ProfileTest@659499f1]" started-at="2023-12-10T02:55:39 AST" name="profileData" data-provider="logdata" finished-at="2023-12-10T02:55:43 AST" duration-ms="4056" status="PASS">
          <params>
            <param index="0">
              <value>
                <![CDATA[admin@admin.com]]>
              </value>
            </param>
            <param index="1">
              <value>
                <![CDATA[12345678]]>
              </value>
            </param>
            <param index="2">
              <value>
                <![CDATA[Lekshmi]]>
              </value>
            </param>
            <param index="3">
              <value>
                <![CDATA[Nair]]>
              </value>
            </param>
            <param index="4">
              <value>
                <![CDATA[lekshmitest@gmail.com]]>
              </value>
            </param>
            <param index="5">
              <value>
                <![CDATA[female]]>
              </value>
            </param>
          </params>
          <reporter-output>
          </reporter-output>
        </test-method> <!-- profileData -->
        <test-method is-config="true" signature="takeScreenShotOnFailure(org.testng.ITestResult)[pri:0, instance:testcrmproject.ProfileTest@659499f1]" started-at="2023-12-10T02:55:43 AST" name="takeScreenShotOnFailure" finished-at="2023-12-10T02:55:43 AST" duration-ms="763" status="PASS">
          <params>
            <param index="0">
              <value>
                <![CDATA[[TestResult name=profileData status=SUCCESS method=ProfileTest.profileData(java.lang.String,java.lang.String,java.lang.String,java.lang.String,java.lang.String,java.lang.String)[pri:0, instance:testcrmproject.ProfileTest@659499f1] output={null}]]]>
              </value>
            </param>
          </params>
          <reporter-output>
          </reporter-output>
        </test-method> <!-- takeScreenShotOnFailure -->
      </class> <!-- testcrmproject.ProfileTest -->
      <class name="testcrmproject.TestTickets">
        <test-method is-config="true" signature="setUpDriverOpenUrl(java.lang.String)[pri:0, instance:testcrmproject.TestTickets@54a7079e]" started-at="2023-12-10T02:56:34 AST" name="setUpDriverOpenUrl" finished-at="2023-12-10T02:56:37 AST" duration-ms="3120" status="PASS">
          <params>
            <param index="0">
              <value>
                <![CDATA[chrome]]>
              </value>
            </param>
          </params>
          <reporter-output>
          </reporter-output>
        </test-method> <!-- setUpDriverOpenUrl -->
        <test-method signature="ticketData(java.lang.String,java.lang.String,java.lang.String,java.lang.String,java.lang.String)[pri:0, instance:testcrmproject.TestTickets@54a7079e]" started-at="2023-12-10T02:56:37 AST" name="ticketData" data-provider="logdata" finished-at="2023-12-10T02:57:01 AST" duration-ms="23723" status="PASS">
          <params>
            <param index="0">
              <value>
                <![CDATA[admin@admin.com]]>
              </value>
            </param>
            <param index="1">
              <value>
                <![CDATA[12345678]]>
              </value>
            </param>
            <param index="2">
              <value>
                <![CDATA[Lekshmi ticket]]>
              </value>
            </param>
            <param index="3">
              <value>
                <![CDATA[ABC]]>
              </value>
            </param>
            <param index="4">
              <value>
                <![CDATA[Lekshmi ticket added client abc]]>
              </value>
            </param>
          </params>
          <reporter-output>
          </reporter-output>
        </test-method> <!-- ticketData -->
        <test-method is-config="true" signature="takeScreenShotOnFailure(org.testng.ITestResult)[pri:0, instance:testcrmproject.TestTickets@54a7079e]" started-at="2023-12-10T02:57:01 AST" name="takeScreenShotOnFailure" finished-at="2023-12-10T02:57:02 AST" duration-ms="847" status="PASS">
          <params>
            <param index="0">
              <value>
                <![CDATA[[TestResult name=ticketData status=SUCCESS method=TestTickets.ticketData(java.lang.String,java.lang.String,java.lang.String,java.lang.String,java.lang.String)[pri:0, instance:testcrmproject.TestTickets@54a7079e] output={null}]]]>
              </value>
            </param>
          </params>
          <reporter-output>
          </reporter-output>
        </test-method> <!-- takeScreenShotOnFailure -->
      </class> <!-- testcrmproject.TestTickets -->
      <class name="testcrmproject.TestClient">
        <test-method is-config="true" signature="setUpDriverOpenUrl(java.lang.String)[pri:0, instance:testcrmproject.TestClient@47e2e487]" started-at="2023-12-10T02:55:51 AST" name="setUpDriverOpenUrl" finished-at="2023-12-10T02:55:54 AST" duration-ms="2937" status="PASS">
          <params>
            <param index="0">
              <value>
                <![CDATA[chrome]]>
              </value>
            </param>
          </params>
          <reporter-output>
          </reporter-output>
        </test-method> <!-- setUpDriverOpenUrl -->
        <test-method signature="clientData(java.lang.String,java.lang.String,java.lang.String,java.lang.String,java.lang.String)[pri:0, instance:testcrmproject.TestClient@47e2e487]" started-at="2023-12-10T02:55:54 AST" name="clientData" data-provider="logdata" finished-at="2023-12-10T02:55:59 AST" duration-ms="4392" status="PASS">
          <params>
            <param index="0">
              <value>
                <![CDATA[admin@admin.com]]>
              </value>
            </param>
            <param index="1">
              <value>
                <![CDATA[12345678]]>
              </value>
            </param>
            <param index="2">
              <value>
                <![CDATA[orion]]>
              </value>
            </param>
            <param index="3">
              <value>
                <![CDATA[kochi1234kochi]]>
              </value>
            </param>
            <param index="4">
              <value>
                <![CDATA[]]>
              </value>
            </param>
          </params>
          <reporter-output>
          </reporter-output>
        </test-method> <!-- clientData -->
        <test-method is-config="true" signature="takeScreenShotOnFailure(org.testng.ITestResult)[pri:0, instance:testcrmproject.TestClient@47e2e487]" started-at="2023-12-10T02:55:59 AST" name="takeScreenShotOnFailure" finished-at="2023-12-10T02:56:00 AST" duration-ms="810" status="PASS">
          <params>
            <param index="0">
              <value>
                <![CDATA[[TestResult name=clientData status=SUCCESS method=TestClient.clientData(java.lang.String,java.lang.String,java.lang.String,java.lang.String,java.lang.String)[pri:0, instance:testcrmproject.TestClient@47e2e487] output={null}]]]>
              </value>
            </param>
          </params>
          <reporter-output>
          </reporter-output>
        </test-method> <!-- takeScreenShotOnFailure -->
      </class> <!-- testcrmproject.TestClient -->
      <class name="testcrmproject.LoginOfCrmTest">
        <test-method is-config="true" signature="setUpDriverOpenUrl(java.lang.String)[pri:0, instance:testcrmproject.LoginOfCrmTest@7e7be63f]" started-at="2023-12-10T02:55:20 AST" name="setUpDriverOpenUrl" finished-at="2023-12-10T02:55:24 AST" duration-ms="3819" status="PASS">
          <params>
            <param index="0">
              <value>
                <![CDATA[chrome]]>
              </value>
            </param>
          </params>
          <reporter-output>
          </reporter-output>
        </test-method> <!-- setUpDriverOpenUrl -->
        <test-method signature="loginsuccess(java.lang.String,java.lang.String)[pri:0, instance:testcrmproject.LoginOfCrmTest@7e7be63f]" started-at="2023-12-10T02:55:24 AST" name="loginsuccess" data-provider="logdata" finished-at="2023-12-10T02:55:25 AST" duration-ms="1211" status="PASS">
          <params>
            <param index="0">
              <value>
                <![CDATA[admin@admin.com]]>
              </value>
            </param>
            <param index="1">
              <value>
                <![CDATA[12345678]]>
              </value>
            </param>
          </params>
          <reporter-output>
          </reporter-output>
        </test-method> <!-- loginsuccess -->
        <test-method is-config="true" signature="takeScreenShotOnFailure(org.testng.ITestResult)[pri:0, instance:testcrmproject.LoginOfCrmTest@7e7be63f]" started-at="2023-12-10T02:55:25 AST" name="takeScreenShotOnFailure" finished-at="2023-12-10T02:55:26 AST" duration-ms="795" status="PASS">
          <params>
            <param index="0">
              <value>
                <![CDATA[[TestResult name=loginsuccess status=SUCCESS method=LoginOfCrmTest.loginsuccess(java.lang.String,java.lang.String)[pri:0, instance:testcrmproject.LoginOfCrmTest@7e7be63f] output={null}]]]>
              </value>
            </param>
          </params>
          <reporter-output>
          </reporter-output>
        </test-method> <!-- takeScreenShotOnFailure -->
      </class> <!-- testcrmproject.LoginOfCrmTest -->
    </test> <!-- Test_Chrome -->
  </suite> <!-- Suite -->
</testng-results>
