<?xml version="1.0" encoding="UTF-8"?>
<testng-results ignored="0" total="2" passed="2" failed="0" skipped="0">
  <reporter-output>
  </reporter-output>
  <suite started-at="2023-12-09T14:38:17 AST" name="Suite" finished-at="2023-12-09T14:38:40 AST" duration-ms="22385">
    <groups>
    </groups>
    <test started-at="2023-12-09T14:38:17 AST" name="Test_Chrome" finished-at="2023-12-09T14:38:40 AST" duration-ms="22385">
      <class name="testcrmproject.TestEvents">
        <test-method is-config="true" signature="setUpDriverOpenUrl(java.lang.String)[pri:0, instance:testcrmproject.TestEvents@56cdfb3b]" started-at="2023-12-09T14:38:18 AST" name="setUpDriverOpenUrl" finished-at="2023-12-09T14:38:23 AST" duration-ms="5133" status="PASS">
          <params>
            <param index="0">
              <value>
                <![CDATA[chrome]]>
              </value>
            </param>
          </params>
          <reporter-output>
          </reporter-output>
        </test-method> <!-- setUpDriverOpenUrl -->
        <test-method signature="eventData(java.lang.String,java.lang.String,java.lang.String,java.lang.String,java.lang.String,java.lang.String,java.lang.String)[pri:0, instance:testcrmproject.TestEvents@56cdfb3b]" started-at="2023-12-09T14:38:23 AST" name="eventData" data-provider="logdata" finished-at="2023-12-09T14:38:29 AST" duration-ms="6070" status="PASS">
          <params>
            <param index="0">
              <value>
                <![CDATA[admin@admin.com]]>
              </value>
            </param>
            <param index="1">
              <value>
                <![CDATA[12345678]]>
              </value>
            </param>
            <param index="2">
              <value>
                <![CDATA[Lekshmi event]]>
              </value>
            </param>
            <param index="3">
              <value>
                <![CDATA[description for event]]>
              </value>
            </param>
            <param index="4">
              <value>
                <![CDATA[2023/12/05]]>
              </value>
            </param>
            <param index="5">
              <value>
                <![CDATA[2023/12/20]]>
              </value>
            </param>
            <param index="6">
              <value>
                <![CDATA[All team members]]>
              </value>
            </param>
          </params>
          <reporter-output>
          </reporter-output>
        </test-method> <!-- eventData -->
        <test-method is-config="true" signature="takeScreenShotOnFailure(org.testng.ITestResult)[pri:0, instance:testcrmproject.TestEvents@56cdfb3b]" started-at="2023-12-09T14:38:29 AST" name="takeScreenShotOnFailure" finished-at="2023-12-09T14:38:29 AST" duration-ms="2" status="PASS">
          <params>
            <param index="0">
              <value>
                <![CDATA[[TestResult name=eventData status=SUCCESS method=TestEvents.eventData(java.lang.String,java.lang.String,java.lang.String,java.lang.String,java.lang.String,java.lang.String,java.lang.String)[pri:0, instance:testcrmproject.TestEvents@56cdfb3b] output={null}]]]>
              </value>
            </param>
          </params>
          <reporter-output>
          </reporter-output>
        </test-method> <!-- takeScreenShotOnFailure -->
        <test-method is-config="true" signature="setUpDriverOpenUrl(java.lang.String)[pri:0, instance:testcrmproject.TestEvents@56cdfb3b]" started-at="2023-12-09T14:38:29 AST" name="setUpDriverOpenUrl" finished-at="2023-12-09T14:38:33 AST" duration-ms="4020" status="PASS">
          <params>
            <param index="0">
              <value>
                <![CDATA[chrome]]>
              </value>
            </param>
          </params>
          <reporter-output>
          </reporter-output>
        </test-method> <!-- setUpDriverOpenUrl -->
        <test-method signature="eventData(java.lang.String,java.lang.String,java.lang.String,java.lang.String,java.lang.String,java.lang.String,java.lang.String)[pri:0, instance:testcrmproject.TestEvents@56cdfb3b]" started-at="2023-12-09T14:38:33 AST" name="eventData" data-provider="logdata" finished-at="2023-12-09T14:38:40 AST" duration-ms="6348" status="PASS">
          <params>
            <param index="0">
              <value>
                <![CDATA[admin@admin.com]]>
              </value>
            </param>
            <param index="1">
              <value>
                <![CDATA[12345678]]>
              </value>
            </param>
            <param index="2">
              <value>
                <![CDATA[]]>
              </value>
            </param>
            <param index="3">
              <value>
                <![CDATA[]]>
              </value>
            </param>
            <param index="4">
              <value>
                <![CDATA[]]>
              </value>
            </param>
            <param index="5">
              <value>
                <![CDATA[]]>
              </value>
            </param>
            <param index="6">
              <value>
                <![CDATA[All team members]]>
              </value>
            </param>
          </params>
          <reporter-output>
          </reporter-output>
        </test-method> <!-- eventData -->
        <test-method is-config="true" signature="takeScreenShotOnFailure(org.testng.ITestResult)[pri:0, instance:testcrmproject.TestEvents@56cdfb3b]" started-at="2023-12-09T14:38:40 AST" name="takeScreenShotOnFailure" finished-at="2023-12-09T14:38:40 AST" duration-ms="0" status="PASS">
          <params>
            <param index="0">
              <value>
                <![CDATA[[TestResult name=eventData status=SUCCESS method=TestEvents.eventData(java.lang.String,java.lang.String,java.lang.String,java.lang.String,java.lang.String,java.lang.String,java.lang.String)[pri:0, instance:testcrmproject.TestEvents@56cdfb3b] output={null}]]]>
              </value>
            </param>
          </params>
          <reporter-output>
          </reporter-output>
        </test-method> <!-- takeScreenShotOnFailure -->
      </class> <!-- testcrmproject.TestEvents -->
    </test> <!-- Test_Chrome -->
  </suite> <!-- Suite -->
</testng-results>
