<?xml version="1.0" encoding="UTF-8"?>
<!-- Generated by org.testng.reporters.JUnitXMLReporter -->
<testsuite ignored="0" hostname="DESKTOP-LA3ESVJ" failures="1" tests="1" name="Test_Chrome(failed)(failed)(failed)" time="54.99" errors="0" timestamp="2023-11-26T19:25:31 AST">
  <testcase classname="testcrmproject.TestNotes" name="addNotes" time="34.385">
    <failure type="java.lang.NullPointerException">
      <![CDATA[java.lang.NullPointerException
at pages.NotesTab.clickNotes(NotesTab.java:48)
at pages.NotesTab.addNotes(NotesTab.java:81)
at testcrmproject.TestNotes.addNotes(TestNotes.java:32)
at java.base/java.util.ArrayList.forEach(ArrayList.java:1540)
... Removed 27 stack frames]]>
    </failure>
  </testcase> <!-- addNotes -->
</testsuite> <!-- Test_Chrome(failed)(failed)(failed) -->
